Running: fuse.exe -relaunch -intstyle "ise" -incremental -o "C:/Users/Top/Documents/Uni/ForthSem/CA/Project/CA-Project---Memory-Hierarchy/Processor_isim_beh.exe" -prj "C:/Users/Top/Documents/Uni/ForthSem/CA/Project/CA-Project---Memory-Hierarchy/Processor_beh.prj" "work.Processor" 
ISim P.20131013 (signature 0x7708f090)
Number of CPUs detected in this system: 4
Turning on mult-threading, number of parallel sub-compilation jobs: 8 
Determining compilation order of HDL files
Parsing VHDL file "C:/Users/Top/Documents/Uni/ForthSem/CA/Project/CA-Project---Memory-Hierarchy/Types.vhd" into library work
Parsing VHDL file "C:/Users/Top/Documents/Uni/ForthSem/CA/Project/CA-Project---Memory-Hierarchy/TLB.vhd" into library work
Parsing VHDL file "C:/Users/Top/Documents/Uni/ForthSem/CA/Project/CA-Project---Memory-Hierarchy/PageTable.vhd" into library work
Parsing VHDL file "C:/Users/Top/Documents/Uni/ForthSem/CA/Project/CA-Project---Memory-Hierarchy/MainMemory.vhd" into library work
Parsing VHDL file "C:/Users/Top/Documents/Uni/ForthSem/CA/Project/CA-Project---Memory-Hierarchy/HardDisc.vhd" into library work
Parsing VHDL file "C:/Users/Top/Documents/Uni/ForthSem/CA/Project/CA-Project---Memory-Hierarchy/Cache.vhd" into library work
Parsing VHDL file "C:/Users/Top/Documents/Uni/ForthSem/CA/Project/CA-Project---Memory-Hierarchy/Processor.vhd" into library work
Starting static elaboration
Completed static elaboration
Compiling package standard
Compiling package std_logic_1164
Compiling package numeric_std
Compiling package std_logic_arith
Compiling package std_logic_unsigned
Compiling package types
Compiling package math_real
Compiling architecture directmapped of entity Cache [cache_default]
Compiling architecture twowaysetassociative of entity Cache [cache_default]
Compiling architecture fullassociative of entity TLB [tlb_default]
Compiling architecture fourwaysetassociative of entity TLB [tlb_default]
Compiling architecture behavioral of entity PageTable [pagetable_default]
Compiling architecture behavioral of entity MainMemory [mainmemory_default]
Compiling architecture behavioral of entity HardDisc [harddisc_default]
Compiling architecture behavioral of entity processor
Time Resolution for simulation is 1ps.
Waiting for 7 sub-compilation(s) to finish...
Compiled 20 VHDL Units
Built simulation executable C:/Users/Top/Documents/Uni/ForthSem/CA/Project/CA-Project---Memory-Hierarchy/Processor_isim_beh.exe
Fuse Memory Usage: 65600 KB
Fuse CPU Usage: 3452 ms
